{"/Users/awu/Data/frontend/github/Algorithm-and-Data-Structure/Leetcode/String/reverse_string/index.ts": {"path":"/Users/awu/Data/frontend/github/Algorithm-and-Data-Structure/Leetcode/String/reverse_string/index.ts","statementMap":{"0":{"start":{"line":7,"column":42},"end":{"line":19,"column":1}},"1":{"start":{"line":9,"column":10},"end":{"line":9,"column":11}},"2":{"start":{"line":10,"column":10},"end":{"line":10,"column":22}},"3":{"start":{"line":11,"column":2},"end":{"line":17,"column":3}},"4":{"start":{"line":12,"column":14},"end":{"line":12,"column":18}},"5":{"start":{"line":13,"column":4},"end":{"line":13,"column":15}},"6":{"start":{"line":14,"column":4},"end":{"line":14,"column":14}},"7":{"start":{"line":15,"column":4},"end":{"line":15,"column":7}},"8":{"start":{"line":16,"column":4},"end":{"line":16,"column":7}},"9":{"start":{"line":18,"column":2},"end":{"line":18,"column":10}}},"fnMap":{"0":{"name":"(anonymous_0)","decl":{"start":{"line":7,"column":42},"end":{"line":7,"column":43}},"loc":{"start":{"line":7,"column":55},"end":{"line":19,"column":1}},"line":7}},"branchMap":{},"s":{"0":1,"1":2,"2":2,"3":2,"4":6,"5":6,"6":6,"7":6,"8":6,"9":2},"f":{"0":2},"b":{},"_coverageSchema":"1a1c01bbd47fc00a2c39e90264f33305004495a9","hash":"af4b8b2fb1f130ef25e425239533d074a4b6acfb"}
}
